<?xml version="1.0" encoding="UTF-8"?>
<testsuite name="org.spring.academy.cashcard.CashcardApplicationTests" tests="1" skipped="0" failures="0" errors="0" timestamp="2023-03-11T02:50:00" hostname="BRIAHI-NB" time="1.141">
  <properties/>
  <testcase name="shouldCreateANewCashCard()" classname="org.spring.academy.cashcard.CashcardApplicationTests" time="1.141"/>
  <system-out><![CDATA[03:49:56.422 [Test worker] DEBUG org.springframework.test.context.BootstrapUtils - Instantiating CacheAwareContextLoaderDelegate from class [org.springframework.test.context.cache.DefaultCacheAwareContextLoaderDelegate]
03:49:56.422 [Test worker] DEBUG org.springframework.test.context.BootstrapUtils - Instantiating BootstrapContext using constructor [public org.springframework.test.context.support.DefaultBootstrapContext(java.lang.Class,org.springframework.test.context.CacheAwareContextLoaderDelegate)]
03:49:56.531 [Test worker] DEBUG org.springframework.test.context.BootstrapUtils - Instantiating TestContextBootstrapper for test class [org.spring.academy.cashcard.CashcardApplicationTests] from class [org.springframework.boot.test.context.SpringBootTestContextBootstrapper]
03:49:56.548 [Test worker] INFO org.springframework.boot.test.context.SpringBootTestContextBootstrapper - Neither @ContextConfiguration nor @ContextHierarchy found for test class [org.spring.academy.cashcard.CashcardApplicationTests], using SpringBootContextLoader
03:49:56.548 [Test worker] DEBUG org.springframework.test.context.support.AbstractContextLoader - Did not detect default resource location for test class [org.spring.academy.cashcard.CashcardApplicationTests]: class path resource [org/spring/academy/cashcard/CashcardApplicationTests-context.xml] does not exist
03:49:56.548 [Test worker] DEBUG org.springframework.test.context.support.AbstractContextLoader - Did not detect default resource location for test class [org.spring.academy.cashcard.CashcardApplicationTests]: class path resource [org/spring/academy/cashcard/CashcardApplicationTestsContext.groovy] does not exist
03:49:56.548 [Test worker] INFO org.springframework.test.context.support.AbstractContextLoader - Could not detect default resource locations for test class [org.spring.academy.cashcard.CashcardApplicationTests]: no resource found for suffixes {-context.xml, Context.groovy}.
03:49:56.564 [Test worker] INFO org.springframework.test.context.support.AnnotationConfigContextLoaderUtils - Could not detect default configuration classes for test class [org.spring.academy.cashcard.CashcardApplicationTests]: CashcardApplicationTests does not declare any static, non-private, non-final, nested classes annotated with @Configuration.
03:49:56.609 [Test worker] DEBUG org.springframework.test.context.support.ActiveProfilesUtils - Could not find an 'annotation declaring class' for annotation type [org.springframework.test.context.ActiveProfiles] and class [org.spring.academy.cashcard.CashcardApplicationTests]
03:49:56.689 [Test worker] DEBUG org.springframework.context.annotation.ClassPathScanningCandidateComponentProvider - Identified candidate component class: file [C:\Users\BRiahi\cashcard2\build\classes\java\main\org\spring\academy\cashcard\CashcardApplication.class]
03:49:56.689 [Test worker] INFO org.springframework.boot.test.context.SpringBootTestContextBootstrapper - Found @SpringBootConfiguration org.spring.academy.cashcard.CashcardApplication for test class org.spring.academy.cashcard.CashcardApplicationTests
03:49:56.801 [Test worker] DEBUG org.springframework.boot.test.context.SpringBootTestContextBootstrapper - @TestExecutionListeners is not present for class [org.spring.academy.cashcard.CashcardApplicationTests]: using defaults.
03:49:56.802 [Test worker] INFO org.springframework.boot.test.context.SpringBootTestContextBootstrapper - Loaded default TestExecutionListener class names from location [META-INF/spring.factories]: [org.springframework.boot.test.autoconfigure.restdocs.RestDocsTestExecutionListener, org.springframework.boot.test.autoconfigure.web.client.MockRestServiceServerResetTestExecutionListener, org.springframework.boot.test.autoconfigure.web.servlet.MockMvcPrintOnlyOnFailureTestExecutionListener, org.springframework.boot.test.autoconfigure.web.servlet.WebDriverTestExecutionListener, org.springframework.boot.test.autoconfigure.webservices.client.MockWebServiceServerTestExecutionListener, org.springframework.boot.test.mock.mockito.MockitoTestExecutionListener, org.springframework.boot.test.mock.mockito.ResetMocksTestExecutionListener, org.springframework.test.context.web.ServletTestExecutionListener, org.springframework.test.context.support.DirtiesContextBeforeModesTestExecutionListener, org.springframework.test.context.event.ApplicationEventsTestExecutionListener, org.springframework.test.context.support.DependencyInjectionTestExecutionListener, org.springframework.test.context.support.DirtiesContextTestExecutionListener, org.springframework.test.context.transaction.TransactionalTestExecutionListener, org.springframework.test.context.jdbc.SqlScriptsTestExecutionListener, org.springframework.test.context.event.EventPublishingTestExecutionListener]
03:49:56.818 [Test worker] INFO org.springframework.boot.test.context.SpringBootTestContextBootstrapper - Using TestExecutionListeners: [org.springframework.test.context.web.ServletTestExecutionListener@ea27e34, org.springframework.test.context.support.DirtiesContextBeforeModesTestExecutionListener@33a2499c, org.springframework.test.context.event.ApplicationEventsTestExecutionListener@e72dba7, org.springframework.boot.test.mock.mockito.MockitoTestExecutionListener@33c2bd, org.springframework.boot.test.autoconfigure.SpringBootDependencyInjectionTestExecutionListener@1dfd5f51, org.springframework.test.context.support.DirtiesContextTestExecutionListener@3c321bdb, org.springframework.test.context.transaction.TransactionalTestExecutionListener@24855019, org.springframework.test.context.jdbc.SqlScriptsTestExecutionListener@3abd581e, org.springframework.test.context.event.EventPublishingTestExecutionListener@4d4d8fcf, org.springframework.boot.test.autoconfigure.restdocs.RestDocsTestExecutionListener@610db97e, org.springframework.boot.test.autoconfigure.web.client.MockRestServiceServerResetTestExecutionListener@6f0628de, org.springframework.boot.test.autoconfigure.web.servlet.MockMvcPrintOnlyOnFailureTestExecutionListener@3fabf088, org.springframework.boot.test.autoconfigure.web.servlet.WebDriverTestExecutionListener@1e392345, org.springframework.boot.test.autoconfigure.webservices.client.MockWebServiceServerTestExecutionListener@12f3afb5, org.springframework.boot.test.mock.mockito.ResetMocksTestExecutionListener@4ced35ed]
03:49:56.818 [Test worker] DEBUG org.springframework.test.context.support.AbstractDirtiesContextTestExecutionListener - Before test class: context [DefaultTestContext@7674a051 testClass = CashcardApplicationTests, testInstance = [null], testMethod = [null], testException = [null], mergedContextConfiguration = [WebMergedContextConfiguration@3a7704c testClass = CashcardApplicationTests, locations = '{}', classes = '{class org.spring.academy.cashcard.CashcardApplication}', contextInitializerClasses = '[]', activeProfiles = '{}', propertySourceLocations = '{}', propertySourceProperties = '{org.springframework.boot.test.context.SpringBootTestContextBootstrapper=true, server.port=0}', contextCustomizers = set[org.springframework.boot.test.autoconfigure.actuate.metrics.MetricsExportContextCustomizerFactory$DisableMetricExportContextCustomizer@788fcafb, org.springframework.boot.test.autoconfigure.properties.PropertyMappingContextCustomizer@0, org.springframework.boot.test.autoconfigure.web.servlet.WebDriverContextCustomizerFactory$Customizer@72cf2de5, org.springframework.boot.test.context.filter.ExcludeFilterContextCustomizer@53812a9b, org.springframework.boot.test.json.DuplicateJsonObjectContextCustomizerFactory$DuplicateJsonObjectContextCustomizer@d8305c2, org.springframework.boot.test.mock.mockito.MockitoContextCustomizer@0, org.springframework.boot.test.web.client.TestRestTemplateContextCustomizer@75c9e76b, org.springframework.boot.test.context.SpringBootTestArgs@1, org.springframework.boot.test.context.SpringBootTestWebEnvironment@a8ef162], resourceBasePath = 'src/main/webapp', contextLoader = 'org.springframework.boot.test.context.SpringBootContextLoader', parent = [null]], attributes = map['org.springframework.test.context.web.ServletTestExecutionListener.activateListener' -> false]], class annotated with @DirtiesContext [false] with mode [null].
03:49:56.818 [Test worker] DEBUG org.springframework.test.context.support.DependencyInjectionTestExecutionListener - Performing dependency injection for test context [[DefaultTestContext@7674a051 testClass = CashcardApplicationTests, testInstance = org.spring.academy.cashcard.CashcardApplicationTests@4d4d48a6, testMethod = [null], testException = [null], mergedContextConfiguration = [WebMergedContextConfiguration@3a7704c testClass = CashcardApplicationTests, locations = '{}', classes = '{class org.spring.academy.cashcard.CashcardApplication}', contextInitializerClasses = '[]', activeProfiles = '{}', propertySourceLocations = '{}', propertySourceProperties = '{org.springframework.boot.test.context.SpringBootTestContextBootstrapper=true, server.port=0}', contextCustomizers = set[org.springframework.boot.test.autoconfigure.actuate.metrics.MetricsExportContextCustomizerFactory$DisableMetricExportContextCustomizer@788fcafb, org.springframework.boot.test.autoconfigure.properties.PropertyMappingContextCustomizer@0, org.springframework.boot.test.autoconfigure.web.servlet.WebDriverContextCustomizerFactory$Customizer@72cf2de5, org.springframework.boot.test.context.filter.ExcludeFilterContextCustomizer@53812a9b, org.springframework.boot.test.json.DuplicateJsonObjectContextCustomizerFactory$DuplicateJsonObjectContextCustomizer@d8305c2, org.springframework.boot.test.mock.mockito.MockitoContextCustomizer@0, org.springframework.boot.test.web.client.TestRestTemplateContextCustomizer@75c9e76b, org.springframework.boot.test.context.SpringBootTestArgs@1, org.springframework.boot.test.context.SpringBootTestWebEnvironment@a8ef162], resourceBasePath = 'src/main/webapp', contextLoader = 'org.springframework.boot.test.context.SpringBootContextLoader', parent = [null]], attributes = map['org.springframework.test.context.web.ServletTestExecutionListener.activateListener' -> false, 'org.springframework.test.context.event.ApplicationEventsTestExecutionListener.recordApplicationEvents' -> false]]].

  .   ____          _            __ _ _
 /\\ / ___'_ __ _ _(_)_ __  __ _ \ \ \ \
( ( )\___ | '_ | '_| | '_ \/ _` | \ \ \ \
 \\/  ___)| |_)| | | | | || (_| |  ) ) ) )
  '  |____| .__|_| |_|_| |_\__, | / / / /
 =========|_|==============|___/=/_/_/_/
 :: Spring Boot ::                (v2.7.9)

2023-03-11 03:49:57.392  INFO 6672 --- [    Test worker] o.s.a.cashcard.CashcardApplicationTests  : Starting CashcardApplicationTests using Java 11.0.15 on BRIAHI-NB with PID 6672 (started by BRiahi in C:\Users\BRiahi\cashcard2)
2023-03-11 03:49:57.396  INFO 6672 --- [    Test worker] o.s.a.cashcard.CashcardApplicationTests  : No active profile set, falling back to 1 default profile: "default"
2023-03-11 03:49:58.255  INFO 6672 --- [    Test worker] .s.d.r.c.RepositoryConfigurationDelegate : Bootstrapping Spring Data JDBC repositories in DEFAULT mode.
2023-03-11 03:49:58.302  INFO 6672 --- [    Test worker] .s.d.r.c.RepositoryConfigurationDelegate : Finished Spring Data repository scanning in 33 ms. Found 1 JDBC repository interfaces.
2023-03-11 03:49:58.931  INFO 6672 --- [    Test worker] o.s.b.w.embedded.tomcat.TomcatWebServer  : Tomcat initialized with port(s): 0 (http)
2023-03-11 03:49:58.948  INFO 6672 --- [    Test worker] o.apache.catalina.core.StandardService   : Starting service [Tomcat]
2023-03-11 03:49:58.948  INFO 6672 --- [    Test worker] org.apache.catalina.core.StandardEngine  : Starting Servlet engine: [Apache Tomcat/9.0.71]
2023-03-11 03:49:59.125  INFO 6672 --- [    Test worker] o.a.c.c.C.[Tomcat].[localhost].[/]       : Initializing Spring embedded WebApplicationContext
2023-03-11 03:49:59.126  INFO 6672 --- [    Test worker] w.s.c.ServletWebServerApplicationContext : Root WebApplicationContext: initialization completed in 1701 ms
2023-03-11 03:49:59.298  INFO 6672 --- [    Test worker] o.s.j.d.e.EmbeddedDatabaseFactory        : Starting embedded database: url='jdbc:h2:mem:a3d4b980-e15d-4d00-9880-16aca272e728;DB_CLOSE_DELAY=-1;DB_CLOSE_ON_EXIT=false', username='sa'
2023-03-11 03:50:00.653  INFO 6672 --- [    Test worker] o.s.b.w.embedded.tomcat.TomcatWebServer  : Tomcat started on port(s): 64205 (http) with context path ''
2023-03-11 03:50:00.672  INFO 6672 --- [    Test worker] o.s.a.cashcard.CashcardApplicationTests  : Started CashcardApplicationTests in 3.811 seconds (JVM running for 5.601)
2023-03-11 03:50:01.371  INFO 6672 --- [o-auto-1-exec-1] o.a.c.c.C.[Tomcat].[localhost].[/]       : Initializing Spring DispatcherServlet 'dispatcherServlet'
2023-03-11 03:50:01.372  INFO 6672 --- [o-auto-1-exec-1] o.s.web.servlet.DispatcherServlet        : Initializing Servlet 'dispatcherServlet'
2023-03-11 03:50:01.372  INFO 6672 --- [o-auto-1-exec-1] o.s.web.servlet.DispatcherServlet        : Completed initialization in 0 ms
]]></system-out>
  <system-err><![CDATA[]]></system-err>
</testsuite>
